[Licensing::Module] Trying to connect to existing licensing client channel...
Built from '6000.0/staging' branch; Version is '6000.0.67f1 (78a1c2bbeb6a) revision 7905730'; Using compiler version '193933523'; Build Type 'Release'
OS: 'Windows 11  (10.0.26200) Professional' Language: 'en' Physical Memory: 31861 MB
BatchMode: 1, IsHumanControllingUs: 0, StartBugReporterOnCrash: 0, Is64bit: 1
[Licensing::IpcConnector] Successfully connected to: "LicenseClient-Valen" at "2026-02-05T02:26:02.8230681Z"
System  architecture: x64
Process architecture: x64
Date: 2026-02-05T02:26:02Z

COMMAND LINE ARGUMENTS:
C:\Program Files\Unity\Hub\Editor\6000.0.67f1\Editor\Unity.exe
-adb2
-batchMode
-noUpm
-name
AssetImportWorker0
-projectPath
C:/Users/Valen/Desktop/School/TheWarOnI4
-logFile
Logs/AssetImportWorker0.log
-srvPort
8946
-job-worker-count
5
-background-job-worker-count
8
-gc-helper-count
1
-name
AssetImport
Successfully changed project path to: C:/Users/Valen/Desktop/School/TheWarOnI4
C:/Users/Valen/Desktop/School/TheWarOnI4
[UnityMemory] Configuration Parameters - Can be set up in boot.config
    "memorysetup-bucket-allocator-granularity=16"
    "memorysetup-bucket-allocator-bucket-count=8"
    "memorysetup-bucket-allocator-block-size=33554432"
    "memorysetup-bucket-allocator-block-count=8"
    "memorysetup-main-allocator-block-size=16777216"
    "memorysetup-thread-allocator-block-size=16777216"
    "memorysetup-gfx-main-allocator-block-size=16777216"
    "memorysetup-gfx-thread-allocator-block-size=16777216"
    "memorysetup-cache-allocator-block-size=4194304"
    "memorysetup-typetree-allocator-block-size=2097152"
    "memorysetup-profiler-bucket-allocator-granularity=16"
    "memorysetup-profiler-bucket-allocator-bucket-count=8"
    "memorysetup-profiler-bucket-allocator-block-size=33554432"
    "memorysetup-profiler-bucket-allocator-block-count=8"
    "memorysetup-profiler-allocator-block-size=16777216"
    "memorysetup-profiler-editor-allocator-block-size=1048576"
    "memorysetup-temp-allocator-size-main=16777216"
    "memorysetup-job-temp-allocator-block-size=2097152"
    "memorysetup-job-temp-allocator-block-size-background=1048576"
    "memorysetup-job-temp-allocator-reduction-small-platforms=262144"
    "memorysetup-allocator-temp-initial-block-size-main=262144"
    "memorysetup-allocator-temp-initial-block-size-worker=262144"
    "memorysetup-temp-allocator-size-background-worker=32768"
    "memorysetup-temp-allocator-size-job-worker=262144"
    "memorysetup-temp-allocator-size-preload-manager=33554432"
    "memorysetup-temp-allocator-size-nav-mesh-worker=65536"
    "memorysetup-temp-allocator-size-audio-worker=65536"
    "memorysetup-temp-allocator-size-cloud-worker=32768"
    "memorysetup-temp-allocator-size-gi-baking-worker=262144"
    "memorysetup-temp-allocator-size-gi-baking-worker=262144"
    "memorysetup-temp-allocator-size-gi-baking-worker=262144"
    "memorysetup-temp-allocator-size-gi-baking-worker=262144"
    "memorysetup-temp-allocator-size-gi-baking-worker=262144"
    "memorysetup-temp-allocator-size-gfx=262144"
Player connection [34616]  Target information:

Player connection [34616]  * "[IP] 192.168.1.90 [Port] 0 [Flags] 2 [Guid] 2821503719 [EditorId] 2821503719 [Version] 1048832 [Id] WindowsEditor(7,TinoMiniPc) [Debug] 1 [PackageName] WindowsEditor [ProjectName] Editor" 

Player connection [34616] Host joined multi-casting on [225.0.0.222:54997]...
Player connection [34616] Host joined alternative multi-casting on [225.0.0.222:34997]...
JobSystem: Creating JobQueue using job-worker-count value 5
Input System module state changed to: Initialized.
[Physics::Module] Initialized fallback backend.
[Physics::Module] Id: 0xdecafbad
Library Redirect Path: Library/
[Physics::Module] Selected backend.
[Physics::Module] Name: PhysX
[Physics::Module] Id: 0xf2b8ea05
[Physics::Module] SDK Version: 4.1.2
[Physics::Module] Integration Version: 1.0.0
[Physics::Module] Threading Mode: Multi-Threaded
Refreshing native plugins compatible for Editor in 2.47 ms, found 4 plugins.
Preloading 0 native plugins for Editor in 0.00 ms.
Initialize engine version: 6000.0.67f1 (78a1c2bbeb6a)
[Subsystems] Discovering subsystems at path C:/Program Files/Unity/Hub/Editor/6000.0.67f1/Editor/Data/Resources/UnitySubsystems
[Subsystems] Discovering subsystems at path C:/Users/Valen/Desktop/School/TheWarOnI4/Assets
GfxDevice: creating device client; kGfxThreadingModeNonThreaded
Direct3D:
    Version:  Direct3D 11.0 [level 11.1]
    Renderer: AMD Radeon RX 7700 XT (ID=0x747e)
    Vendor:   ATI
    VRAM:     12272 MB
    Driver:   32.0.22029.9039
Initialize mono
Mono path[0] = 'C:/Program Files/Unity/Hub/Editor/6000.0.67f1/Editor/Data/Managed'
Mono path[1] = 'C:/Program Files/Unity/Hub/Editor/6000.0.67f1/Editor/Data/MonoBleedingEdge/lib/mono/unityjit-win32'
Mono config path = 'C:/Program Files/Unity/Hub/Editor/6000.0.67f1/Editor/Data/MonoBleedingEdge/etc'
Using monoOptions --debugger-agent=transport=dt_socket,embedding=1,server=y,suspend=n,address=127.0.0.1:56872
Begin MonoManager ReloadAssembly
Registering precompiled unity dll's ...
Register platform support module: C:/Program Files/Unity/Hub/Editor/6000.0.67f1/Editor/Data/PlaybackEngines/WindowsStandaloneSupport/UnityEditor.WindowsStandalone.Extensions.dll
[Licensing::Module] Licensing is not yet initialized.
[Licensing::Client] Error: HandshakeResponse reported an error:
	ResponseCode: 505
	ResponseStatus: Unsupported protocol version '1.17.4'.
[Licensing::Module] Error: Failed to handshake to channel: "LicenseClient-Valen"
[Licensing::IpcConnector] LicenseClient-Valen channel disconnected successfully.
[Licensing::IpcConnector] Successfully connected to: "LicenseClient-Valen-6000.0.67" at "2026-02-05T02:26:04.4140649Z"
[Licensing::Client] Handshaking with LicensingClient:
  Version:                 1.17.4+4293ba1
  Session Id:              7de47e08332942e59b1f86ce66bdf8e5
  Correlation Id:          a25de4d2cf4ecf9166c9058cfc9b83d1
  External correlation Id: 2345222333640405073
  Machine Id:              T+2eCJ4//yMSqcVMB3JA750wB+s=
[Licensing::Module] Successfully connected to LicensingClient on channel: "LicenseClient-Valen-6000.0.67" (connect: 0.00s, validation: 0.00s, handshake: 1.53s)
[Licensing::IpcConnector] Successfully connected to: "LicenseClient-Valen-6000.0.67-notifications" at "2026-02-05T02:26:05.9450067Z"
[Licensing::Module] Licensing Background thread has ended after 3.12s
[Licensing::Module] Licensing is initialized (took 2.62s).
[Licensing::Client] Successfully resolved entitlement details
[Licensing::Module] License group:
  Id: 3625914-UnityPersXXXX
  Product: Unity Personal
  Type: Assigned
  Expiration: Unlimited
Register platform support module: C:/Program Files/Unity/Hub/Editor/6000.0.67f1/Editor/Data/PlaybackEngines/MetroSupport/UnityEditor.UWP.Extensions.dll
Registered in 2.621903 seconds.
- Loaded All Assemblies, in  2.959 seconds
Native extension for UWP target not found
Native extension for WindowsStandalone target not found
Mono: successfully reloaded assembly
- Finished resetting the current domain, in  0.296 seconds
Domain Reload Profiling: 3253ms
	BeginReloadAssembly (115ms)
		ExecutionOrderSort (0ms)
		DisableScriptedObjects (0ms)
		BackupInstance (0ms)
		ReleaseScriptingObjects (0ms)
		CreateAndSetChildDomain (1ms)
	RebuildCommonClasses (36ms)
	RebuildNativeTypeToScriptingClass (12ms)
	initialDomainReloadingComplete (2661ms)
	LoadAllAssembliesAndSetupDomain (132ms)
		LoadAssemblies (113ms)
		RebuildTransferFunctionScriptingTraits (0ms)
		AnalyzeDomain (130ms)
			TypeCache.Refresh (128ms)
				TypeCache.ScanAssembly (117ms)
			BuildScriptInfoCaches (0ms)
			ResolveRequiredComponents (1ms)
	FinalizeReload (296ms)
		ReleaseScriptCaches (0ms)
		RebuildScriptCaches (0ms)
		SetupLoadedEditorAssemblies (259ms)
			LogAssemblyErrors (0ms)
			InitializePlatformSupportModulesInManaged (21ms)
			SetLoadedEditorAssemblies (3ms)
			BeforeProcessingInitializeOnLoad (61ms)
			ProcessInitializeOnLoadAttributes (136ms)
			ProcessInitializeOnLoadMethodAttributes (39ms)
			AfterProcessingInitializeOnLoad (0ms)
			EditorAssembliesLoaded (0ms)
		ExecutionOrderSort2 (0ms)
		AwakeInstancesAfterBackupRestoration (0ms)
========================================================================
Worker process is ready to serve import requests
Import Worker Mode flag is 0x00
Begin MonoManager ReloadAssembly
[Licensing::Client] Successfully resolved entitlement details
- Loaded All Assemblies, in  0.730 seconds
Refreshing native plugins compatible for Editor in 1.48 ms, found 4 plugins.
Native extension for UWP target not found
Native extension for WindowsStandalone target not found
Package Manager log level set to [2]
[Package Manager] Failed to launch server process. Reason: Unity was launched with the -noUpm command-line argument
[Package Manager] Unable to send message (not connected to server process).
[Package Manager] Cannot connect to Unity Package Manager local server
Mono: successfully reloaded assembly
- Finished resetting the current domain, in  0.587 seconds
Domain Reload Profiling: 1312ms
	BeginReloadAssembly (148ms)
		ExecutionOrderSort (0ms)
		DisableScriptedObjects (6ms)
		BackupInstance (0ms)
		ReleaseScriptingObjects (0ms)
		CreateAndSetChildDomain (29ms)
	RebuildCommonClasses (27ms)
	RebuildNativeTypeToScriptingClass (9ms)
	initialDomainReloadingComplete (31ms)
	LoadAllAssembliesAndSetupDomain (512ms)
		LoadAssemblies (314ms)
		RebuildTransferFunctionScriptingTraits (0ms)
		AnalyzeDomain (276ms)
			TypeCache.Refresh (182ms)
				TypeCache.ScanAssembly (168ms)
			BuildScriptInfoCaches (82ms)
			ResolveRequiredComponents (9ms)
	FinalizeReload (587ms)
		ReleaseScriptCaches (0ms)
		RebuildScriptCaches (0ms)
		SetupLoadedEditorAssemblies (473ms)
			LogAssemblyErrors (0ms)
			InitializePlatformSupportModulesInManaged (2ms)
			SetLoadedEditorAssemblies (3ms)
			BeforeProcessingInitializeOnLoad (99ms)
			ProcessInitializeOnLoadAttributes (281ms)
			ProcessInitializeOnLoadMethodAttributes (83ms)
			AfterProcessingInitializeOnLoad (5ms)
			EditorAssembliesLoaded (0ms)
		ExecutionOrderSort2 (0ms)
		AwakeInstancesAfterBackupRestoration (5ms)
Launched and connected shader compiler UnityShaderCompiler.exe after 0.01 seconds
Refreshing native plugins compatible for Editor in 1.46 ms, found 4 plugins.
Preloading 0 native plugins for Editor in 0.00 ms.
Unloading 13 Unused Serialized files (Serialized files now loaded: 0)
Unloading 6747 unused Assets / (4.7 MB). Loaded Objects now: 7453.
Memory consumption went from 144.2 MB to 139.5 MB.
Total: 8.033600 ms (FindLiveObjects: 0.650600 ms CreateObjectMapping: 0.662000 ms MarkObjects: 4.515800 ms  DeleteObjects: 2.204200 ms)

========================================================================
Received Import Request.
  Time since last request: 13574.527613 seconds.
  path: Assets
  artifactKey: Guid(00000000000000001000000000000000) Importer(815301076,1909f56bfc062723c751e8b465ee728b)
Start importing Assets using Guid(00000000000000001000000000000000) Importer(815301076,1909f56bfc062723c751e8b465ee728b) (PreviewImporter) -> (artifact id: 'c391582d739b6e62a5220f35cbb167ac') in 0.004134 seconds
Number of updated asset objects reloaded before import = 0Number of asset objects unloaded after import = 0

========================================================================
Received Import Request.
  Time since last request: 0.000019 seconds.
  path: Assets/UniversalRenderPipelineGlobalSettings.asset
  artifactKey: Guid(93b439a37f63240aca3dd4e01d978a9f) Importer(815301076,1909f56bfc062723c751e8b465ee728b)
Start importing Assets/UniversalRenderPipelineGlobalSettings.asset using Guid(93b439a37f63240aca3dd4e01d978a9f) Importer(815301076,1909f56bfc062723c751e8b465ee728b) (PreviewImporter) -> (artifact id: 'ffc6d3b7fbe6eba00e810cdac05b02af') in 0.0109782 seconds
Number of updated asset objects reloaded before import = 0Number of asset objects unloaded after import = 0

========================================================================
Received Import Request.
  Time since last request: 16.412615 seconds.
  path: Assets/Block.png
  artifactKey: Guid(8c4da9dd6ae93bb49893fd7bee9bd5ee) Importer(815301076,1909f56bfc062723c751e8b465ee728b)
Start importing Assets/Block.png using Guid(8c4da9dd6ae93bb49893fd7bee9bd5ee) Importer(815301076,1909f56bfc062723c751e8b465ee728b) (PreviewImporter) -> (artifact id: '32885b72be624d8d2e53ba799a22da04') in 0.0831153 seconds
Number of updated asset objects reloaded before import = 0Number of asset objects unloaded after import = 3

========================================================================
Received Import Request.
  Time since last request: 21.053328 seconds.
  path: Assets/TempAssets
  artifactKey: Guid(bf7d7043ee2d0e94382175a21c239720) Importer(815301076,1909f56bfc062723c751e8b465ee728b)
Start importing Assets/TempAssets using Guid(bf7d7043ee2d0e94382175a21c239720) Importer(815301076,1909f56bfc062723c751e8b465ee728b) (PreviewImporter) -> (artifact id: 'c49955c9b692eeef35ad0d3f9d4ab56b') in 0.0004887 seconds
Number of updated asset objects reloaded before import = 0Number of asset objects unloaded after import = 0

========================================================================
Received Import Request.
  Time since last request: 10.522612 seconds.
  path: Assets/TempAssets/Wall.png
  artifactKey: Guid(1f806de38d01dfa44a9fdfa942775c0a) Importer(815301076,1909f56bfc062723c751e8b465ee728b)
Start importing Assets/TempAssets/Wall.png using Guid(1f806de38d01dfa44a9fdfa942775c0a) Importer(815301076,1909f56bfc062723c751e8b465ee728b) (PreviewImporter) -> (artifact id: '07d38191f208add7164f9df8df21ec11') in 0.0158826 seconds
Number of updated asset objects reloaded before import = 0Number of asset objects unloaded after import = 3

========================================================================
Received Import Request.
  Time since last request: 6.983929 seconds.
  path: Assets/TempAssets/Ball.png
  artifactKey: Guid(5d77fdf25bb079546a20fdf5754a28fe) Importer(815301076,1909f56bfc062723c751e8b465ee728b)
Start importing Assets/TempAssets/Ball.png using Guid(5d77fdf25bb079546a20fdf5754a28fe) Importer(815301076,1909f56bfc062723c751e8b465ee728b) (PreviewImporter) -> (artifact id: '6e971197fe0d9d2703a1728251cf9471') in 0.0164799 seconds
Number of updated asset objects reloaded before import = 0Number of asset objects unloaded after import = 3

========================================================================
Received Import Request.
  Time since last request: 125.535286 seconds.
  path: Assets/TempAssets/Pink.prefab
  artifactKey: Guid(d09d602b0febaba42b75ba5058000dca) Importer(815301076,1909f56bfc062723c751e8b465ee728b)
Start importing Assets/TempAssets/Pink.prefab using Guid(d09d602b0febaba42b75ba5058000dca) Importer(815301076,1909f56bfc062723c751e8b465ee728b) (PreviewImporter) -> (artifact id: '4cf01ab890f6eaff7e03a8d54b3dc309') in 0.2858203 seconds
Number of updated asset objects reloaded before import = 0Number of asset objects unloaded after import = 8

========================================================================
Received Import Request.
  Time since last request: 15.367550 seconds.
  path: Assets/TempAssets/Pink 1.prefab
  artifactKey: Guid(94c0811e9a7b7834aa5a15ac4c2aaf36) Importer(815301076,1909f56bfc062723c751e8b465ee728b)
Start importing Assets/TempAssets/Pink 1.prefab using Guid(94c0811e9a7b7834aa5a15ac4c2aaf36) Importer(815301076,1909f56bfc062723c751e8b465ee728b) (PreviewImporter) -> (artifact id: '6539a7328451002d07fd22ebbb8191a8') in 0.0065294 seconds
Number of updated asset objects reloaded before import = 0Number of asset objects unloaded after import = 8

========================================================================
Received Import Request.
  Time since last request: 17.850558 seconds.
  path: Assets/TempAssets/Pink 1.prefab
  artifactKey: Guid(94c0811e9a7b7834aa5a15ac4c2aaf36) Importer(815301076,1909f56bfc062723c751e8b465ee728b)
Start importing Assets/TempAssets/Pink 1.prefab using Guid(94c0811e9a7b7834aa5a15ac4c2aaf36) Importer(815301076,1909f56bfc062723c751e8b465ee728b) (PreviewImporter) -> (artifact id: 'a745c306043b12f42ad37ff9636602de') in 0.0139279 seconds
Number of updated asset objects reloaded before import = 0Number of asset objects unloaded after import = 8

========================================================================
Received Import Request.
  Time since last request: 7.152593 seconds.
  path: Assets/TempAssets/Green.prefab
  artifactKey: Guid(94c0811e9a7b7834aa5a15ac4c2aaf36) Importer(815301076,1909f56bfc062723c751e8b465ee728b)
Start importing Assets/TempAssets/Green.prefab using Guid(94c0811e9a7b7834aa5a15ac4c2aaf36) Importer(815301076,1909f56bfc062723c751e8b465ee728b) (PreviewImporter) -> (artifact id: 'ff0a90b214abfa93d1702287b8dbcf0f') in 0.0066542 seconds
Number of updated asset objects reloaded before import = 0Number of asset objects unloaded after import = 8

========================================================================
Received Import Request.
  Time since last request: 2.833096 seconds.
  path: Assets/TempAssets/Green 1.prefab
  artifactKey: Guid(dafbbbf1c5eac3f4ab3f2b009bfdb8ef) Importer(815301076,1909f56bfc062723c751e8b465ee728b)
Start importing Assets/TempAssets/Green 1.prefab using Guid(dafbbbf1c5eac3f4ab3f2b009bfdb8ef) Importer(815301076,1909f56bfc062723c751e8b465ee728b) (PreviewImporter) -> (artifact id: '4a5425db5509b9bc89ac5d808ab9bffb') in 0.0061762 seconds
Number of updated asset objects reloaded before import = 0Number of asset objects unloaded after import = 8

========================================================================
Received Import Request.
  Time since last request: 5.599978 seconds.
  path: Assets/TempAssets/Gold.prefab
  artifactKey: Guid(dafbbbf1c5eac3f4ab3f2b009bfdb8ef) Importer(815301076,1909f56bfc062723c751e8b465ee728b)
Start importing Assets/TempAssets/Gold.prefab using Guid(dafbbbf1c5eac3f4ab3f2b009bfdb8ef) Importer(815301076,1909f56bfc062723c751e8b465ee728b) (PreviewImporter) -> (artifact id: '4b6a6d7f2fb849e8547d6618a8f83a8e') in 0.0056319 seconds
Number of updated asset objects reloaded before import = 0Number of asset objects unloaded after import = 8

========================================================================
Received Import Request.
  Time since last request: 5.733234 seconds.
  path: Assets/TempAssets/Gold.prefab
  artifactKey: Guid(dafbbbf1c5eac3f4ab3f2b009bfdb8ef) Importer(815301076,1909f56bfc062723c751e8b465ee728b)
Start importing Assets/TempAssets/Gold.prefab using Guid(dafbbbf1c5eac3f4ab3f2b009bfdb8ef) Importer(815301076,1909f56bfc062723c751e8b465ee728b) (PreviewImporter) -> (artifact id: 'f762581145ee6111e62bd6db37831af6') in 0.01465 seconds
Number of updated asset objects reloaded before import = 0Number of asset objects unloaded after import = 8

========================================================================
Received Import Request.
  Time since last request: 20.690374 seconds.
  path: Assets/TempAssets/Pink.prefab
  artifactKey: Guid(d09d602b0febaba42b75ba5058000dca) Importer(815301076,1909f56bfc062723c751e8b465ee728b)
Start importing Assets/TempAssets/Pink.prefab using Guid(d09d602b0febaba42b75ba5058000dca) Importer(815301076,1909f56bfc062723c751e8b465ee728b) (PreviewImporter) -> (artifact id: '2d7f54163972897857dbe54a5457f25c') in 0.0192239 seconds
Number of updated asset objects reloaded before import = 0Number of asset objects unloaded after import = 8

========================================================================
Received Import Request.
  Time since last request: 159.174233 seconds.
  path: Assets/TempAssets/Gold.prefab
  artifactKey: Guid(dafbbbf1c5eac3f4ab3f2b009bfdb8ef) Importer(815301076,1909f56bfc062723c751e8b465ee728b)
Start importing Assets/TempAssets/Gold.prefab using Guid(dafbbbf1c5eac3f4ab3f2b009bfdb8ef) Importer(815301076,1909f56bfc062723c751e8b465ee728b) (PreviewImporter) -> (artifact id: '89c3ce09f66f44b5aa48a54cadb059ce') in 0.0143518 seconds
Number of updated asset objects reloaded before import = 0Number of asset objects unloaded after import = 8

========================================================================
Received Import Request.
  Time since last request: 22.680399 seconds.
  path: Assets/TempAssets/Green.prefab
  artifactKey: Guid(94c0811e9a7b7834aa5a15ac4c2aaf36) Importer(815301076,1909f56bfc062723c751e8b465ee728b)
Start importing Assets/TempAssets/Green.prefab using Guid(94c0811e9a7b7834aa5a15ac4c2aaf36) Importer(815301076,1909f56bfc062723c751e8b465ee728b) (PreviewImporter) -> (artifact id: '7b300d9c850aabf7d81d927362612ec0') in 0.0136228 seconds
Number of updated asset objects reloaded before import = 0Number of asset objects unloaded after import = 8

========================================================================
Received Import Request.
  Time since last request: 15.878851 seconds.
  path: Assets/TempAssets/Gold.prefab
  artifactKey: Guid(dafbbbf1c5eac3f4ab3f2b009bfdb8ef) Importer(815301076,1909f56bfc062723c751e8b465ee728b)
Start importing Assets/TempAssets/Gold.prefab using Guid(dafbbbf1c5eac3f4ab3f2b009bfdb8ef) Importer(815301076,1909f56bfc062723c751e8b465ee728b) (PreviewImporter) -> (artifact id: '887291e5ebc3f6b3524b50d7a1807601') in 0.0146355 seconds
Number of updated asset objects reloaded before import = 0Number of asset objects unloaded after import = 8

========================================================================
Received Import Request.
  Time since last request: 24.922187 seconds.
  path: Assets/TempAssets/Silver.prefab
  artifactKey: Guid(d09d602b0febaba42b75ba5058000dca) Importer(815301076,1909f56bfc062723c751e8b465ee728b)
Start importing Assets/TempAssets/Silver.prefab using Guid(d09d602b0febaba42b75ba5058000dca) Importer(815301076,1909f56bfc062723c751e8b465ee728b) (PreviewImporter) -> (artifact id: '484df7b15760031b16d974db996e163d') in 0.0058388 seconds
Number of updated asset objects reloaded before import = 0Number of asset objects unloaded after import = 8

========================================================================
Received Import Request.
  Time since last request: 6.280398 seconds.
  path: Assets/TempAssets/Silver.prefab
  artifactKey: Guid(d09d602b0febaba42b75ba5058000dca) Importer(815301076,1909f56bfc062723c751e8b465ee728b)
Start importing Assets/TempAssets/Silver.prefab using Guid(d09d602b0febaba42b75ba5058000dca) Importer(815301076,1909f56bfc062723c751e8b465ee728b) (PreviewImporter) -> (artifact id: '0f6e88bec343b8423b5e9b4176bc0edc') in 0.0125692 seconds
Number of updated asset objects reloaded before import = 0Number of asset objects unloaded after import = 8

========================================================================
Received Import Request.
  Time since last request: 55.104993 seconds.
  path: Assets/TempAssets/Silver 1.prefab
  artifactKey: Guid(a8a462ff6beaf9a4f94955bf907054b6) Importer(815301076,1909f56bfc062723c751e8b465ee728b)
Start importing Assets/TempAssets/Silver 1.prefab using Guid(a8a462ff6beaf9a4f94955bf907054b6) Importer(815301076,1909f56bfc062723c751e8b465ee728b) (PreviewImporter) -> (artifact id: 'b11167b0834683e485dbacd1859bacf4') in 0.006489 seconds
Number of updated asset objects reloaded before import = 0Number of asset objects unloaded after import = 8

========================================================================
Received Import Request.
  Time since last request: 6.966677 seconds.
  path: Assets/TempAssets/Indestructible.prefab
  artifactKey: Guid(a8a462ff6beaf9a4f94955bf907054b6) Importer(815301076,1909f56bfc062723c751e8b465ee728b)
Start importing Assets/TempAssets/Indestructible.prefab using Guid(a8a462ff6beaf9a4f94955bf907054b6) Importer(815301076,1909f56bfc062723c751e8b465ee728b) (PreviewImporter) -> (artifact id: '7f08710ebd82a10fe20b78444cd2f246') in 0.0060495 seconds
Number of updated asset objects reloaded before import = 0Number of asset objects unloaded after import = 8

========================================================================
Received Import Request.
  Time since last request: 5.743127 seconds.
  path: Assets/TempAssets/Indestructible.prefab
  artifactKey: Guid(a8a462ff6beaf9a4f94955bf907054b6) Importer(815301076,1909f56bfc062723c751e8b465ee728b)
Start importing Assets/TempAssets/Indestructible.prefab using Guid(a8a462ff6beaf9a4f94955bf907054b6) Importer(815301076,1909f56bfc062723c751e8b465ee728b) (PreviewImporter) -> (artifact id: 'fbdea6b8ded6314f73930a321c21b34a') in 0.0181811 seconds
Number of updated asset objects reloaded before import = 0Number of asset objects unloaded after import = 8

========================================================================
Received Prepare
Refreshing native plugins compatible for Editor in 1.62 ms, found 4 plugins.
Preloading 0 native plugins for Editor in 0.00 ms.
Unloading 13 Unused Serialized files (Serialized files now loaded: 0)
Unloading 6736 unused Assets / (3.9 MB). Loaded Objects now: 7594.
Memory consumption went from 149.5 MB to 145.6 MB.
Total: 11.137500 ms (FindLiveObjects: 0.682800 ms CreateObjectMapping: 0.723100 ms MarkObjects: 7.544200 ms  DeleteObjects: 2.186500 ms)

Prepare: number of updated asset objects reloaded= 0
========================================================================
Received Import Request.
  Time since last request: 484.774836 seconds.
  path: Assets/GameManager.cs
  artifactKey: Guid(50ef7dd182d57184694b0431ce9326b5) Importer(815301076,1909f56bfc062723c751e8b465ee728b)
Start importing Assets/GameManager.cs using Guid(50ef7dd182d57184694b0431ce9326b5) Importer(815301076,1909f56bfc062723c751e8b465ee728b) (PreviewImporter) -> (artifact id: '6f936002c87bff351b8d9f711496f7a2') in 0.0006267 seconds
Number of updated asset objects reloaded before import = 0Number of asset objects unloaded after import = 0

========================================================================
Received Prepare
Begin MonoManager ReloadAssembly
[Licensing::Client] Successfully resolved entitlement details
- Loaded All Assemblies, in  0.638 seconds
Refreshing native plugins compatible for Editor in 1.47 ms, found 4 plugins.
Native extension for UWP target not found
Native extension for WindowsStandalone target not found
[Package Manager] Failed to launch server process. Reason: Unity was launched with the -noUpm command-line argument
[Package Manager] Unable to send message (not connected to server process).
[Package Manager] Cannot connect to Unity Package Manager local server
Mono: successfully reloaded assembly
- Finished resetting the current domain, in  0.501 seconds
Domain Reload Profiling: 1139ms
	BeginReloadAssembly (202ms)
		ExecutionOrderSort (0ms)
		DisableScriptedObjects (29ms)
		BackupInstance (0ms)
		ReleaseScriptingObjects (0ms)
		CreateAndSetChildDomain (53ms)
	RebuildCommonClasses (29ms)
	RebuildNativeTypeToScriptingClass (10ms)
	initialDomainReloadingComplete (22ms)
	LoadAllAssembliesAndSetupDomain (376ms)
		LoadAssemblies (277ms)
		RebuildTransferFunctionScriptingTraits (0ms)
		AnalyzeDomain (169ms)
			TypeCache.Refresh (8ms)
				TypeCache.ScanAssembly (0ms)
			BuildScriptInfoCaches (147ms)
			ResolveRequiredComponents (9ms)
	FinalizeReload (501ms)
		ReleaseScriptCaches (0ms)
		RebuildScriptCaches (0ms)
		SetupLoadedEditorAssemblies (391ms)
			LogAssemblyErrors (0ms)
			InitializePlatformSupportModulesInManaged (2ms)
			SetLoadedEditorAssemblies (5ms)
			BeforeProcessingInitializeOnLoad (96ms)
			ProcessInitializeOnLoadAttributes (246ms)
			ProcessInitializeOnLoadMethodAttributes (38ms)
			AfterProcessingInitializeOnLoad (4ms)
			EditorAssembliesLoaded (0ms)
		ExecutionOrderSort2 (0ms)
		AwakeInstancesAfterBackupRestoration (10ms)
Refreshing native plugins compatible for Editor in 1.28 ms, found 4 plugins.
Preloading 0 native plugins for Editor in 0.00 ms.
Unloading 13 Unused Serialized files (Serialized files now loaded: 0)
Unloading 6746 unused Assets / (4.6 MB). Loaded Objects now: 7494.
Memory consumption went from 152.0 MB to 147.5 MB.
Total: 7.488000 ms (FindLiveObjects: 0.668400 ms CreateObjectMapping: 0.645700 ms MarkObjects: 4.141400 ms  DeleteObjects: 2.031900 ms)

Prepare: number of updated asset objects reloaded= 0
========================================================================
Received Import Request.
  Time since last request: 7.155648 seconds.
  path: Assets/Scruots
  artifactKey: Guid(586f642b4bef8314487fc5aa402956ba) Importer(815301076,1909f56bfc062723c751e8b465ee728b)
Start importing Assets/Scruots using Guid(586f642b4bef8314487fc5aa402956ba) Importer(815301076,1909f56bfc062723c751e8b465ee728b) (PreviewImporter) -> (artifact id: '462f1d23fdb2741c536810d2dff5f58b') in 0.0013448 seconds
Number of updated asset objects reloaded before import = 0Number of asset objects unloaded after import = 0

========================================================================
Received Import Request.
  Time since last request: 4.086218 seconds.
  path: Assets/Scripts
  artifactKey: Guid(586f642b4bef8314487fc5aa402956ba) Importer(815301076,1909f56bfc062723c751e8b465ee728b)
Start importing Assets/Scripts using Guid(586f642b4bef8314487fc5aa402956ba) Importer(815301076,1909f56bfc062723c751e8b465ee728b) (PreviewImporter) -> (artifact id: '90157aff4bfd89a0ddcd6bb1f7fdf383') in 0.0004461 seconds
Number of updated asset objects reloaded before import = 0Number of asset objects unloaded after import = 0

========================================================================
Received Prepare
Refreshing native plugins compatible for Editor in 1.30 ms, found 4 plugins.
Preloading 0 native plugins for Editor in 0.00 ms.
Unloading 13 Unused Serialized files (Serialized files now loaded: 0)
Unloading 6736 unused Assets / (4.2 MB). Loaded Objects now: 7494.
Memory consumption went from 152.0 MB to 147.9 MB.
Total: 7.692700 ms (FindLiveObjects: 0.704300 ms CreateObjectMapping: 0.673400 ms MarkObjects: 4.386100 ms  DeleteObjects: 1.928100 ms)

Prepare: number of updated asset objects reloaded= 0
========================================================================
Received Prepare
Begin MonoManager ReloadAssembly
- Loaded All Assemblies, in  0.751 seconds
Refreshing native plugins compatible for Editor in 3.12 ms, found 4 plugins.
Native extension for UWP target not found
Native extension for WindowsStandalone target not found
[Package Manager] Failed to launch server process. Reason: Unity was launched with the -noUpm command-line argument
[Package Manager] Unable to send message (not connected to server process).
[Package Manager] Cannot connect to Unity Package Manager local server
Mono: successfully reloaded assembly
- Finished resetting the current domain, in  0.745 seconds
Domain Reload Profiling: 1497ms
	BeginReloadAssembly (206ms)
		ExecutionOrderSort (0ms)
		DisableScriptedObjects (14ms)
		BackupInstance (0ms)
		ReleaseScriptingObjects (0ms)
		CreateAndSetChildDomain (54ms)
	RebuildCommonClasses (34ms)
	RebuildNativeTypeToScriptingClass (12ms)
	initialDomainReloadingComplete (27ms)
	LoadAllAssembliesAndSetupDomain (471ms)
		LoadAssemblies (333ms)
		RebuildTransferFunctionScriptingTraits (0ms)
		AnalyzeDomain (222ms)
			TypeCache.Refresh (8ms)
				TypeCache.ScanAssembly (0ms)
			BuildScriptInfoCaches (197ms)
			ResolveRequiredComponents (11ms)
	FinalizeReload (746ms)
		ReleaseScriptCaches (0ms)
		RebuildScriptCaches (0ms)
		SetupLoadedEditorAssemblies (562ms)
			LogAssemblyErrors (0ms)
			InitializePlatformSupportModulesInManaged (3ms)
			SetLoadedEditorAssemblies (7ms)
			BeforeProcessingInitializeOnLoad (142ms)
			ProcessInitializeOnLoadAttributes (346ms)
			ProcessInitializeOnLoadMethodAttributes (60ms)
			AfterProcessingInitializeOnLoad (4ms)
			EditorAssembliesLoaded (0ms)
		ExecutionOrderSort2 (0ms)
		AwakeInstancesAfterBackupRestoration (14ms)
Refreshing native plugins compatible for Editor in 1.64 ms, found 4 plugins.
Preloading 0 native plugins for Editor in 0.00 ms.
Unloading 13 Unused Serialized files (Serialized files now loaded: 0)
Unloading 6746 unused Assets / (4.1 MB). Loaded Objects now: 7497.
Memory consumption went from 151.9 MB to 147.8 MB.
Total: 8.866900 ms (FindLiveObjects: 1.086400 ms CreateObjectMapping: 0.850600 ms MarkObjects: 4.640800 ms  DeleteObjects: 2.288200 ms)

Prepare: number of updated asset objects reloaded= 0
========================================================================
Received Import Request.
  Time since last request: 73.405571 seconds.
  path: Assets/DefaultVolumeProfile.asset
  artifactKey: Guid(3f9215ea0144899419cfbc0957140d3f) Importer(2089858483,192608db42251d675da83286b1cce702)
Start importing Assets/DefaultVolumeProfile.asset using Guid(3f9215ea0144899419cfbc0957140d3f) Importer(2089858483,192608db42251d675da83286b1cce702) (ScriptedImporter) -> (artifact id: 'c8b6e1ac751fbf4d1197e564e9329c1b') in 0.156427 seconds
Number of updated asset objects reloaded before import = 0Number of asset objects unloaded after import = 0

========================================================================
Received Import Request.
  Time since last request: 0.000020 seconds.
  path: Assets/Settings/Renderer2D.asset
  artifactKey: Guid(424799608f7334c24bf367e4bbfa7f9a) Importer(2089858483,192608db42251d675da83286b1cce702)
Start importing Assets/Settings/Renderer2D.asset using Guid(424799608f7334c24bf367e4bbfa7f9a) Importer(2089858483,192608db42251d675da83286b1cce702) (ScriptedImporter) -> (artifact id: 'bb219a90657ed0a0f9c31b355e3adb84') in 0.0513787 seconds
Number of updated asset objects reloaded before import = 0Number of asset objects unloaded after import = 1

========================================================================
Received Import Request.
  Time since last request: 0.000025 seconds.
  path: Assets/Scenes/SampleScene.unity
  artifactKey: Guid(8c9cfa26abfee488c85f1582747f6a02) Importer(2089858483,192608db42251d675da83286b1cce702)
Start importing Assets/Scenes/SampleScene.unity using Guid(8c9cfa26abfee488c85f1582747f6a02) Importer(2089858483,192608db42251d675da83286b1cce702) (ScriptedImporter) -> (artifact id: '2aa0b324fbefc1b996e41ac38ff734fd') in 0.0118577 seconds
Number of updated asset objects reloaded before import = 0Number of asset objects unloaded after import = 1

========================================================================
Received Import Request.
  Time since last request: 0.000017 seconds.
  path: Assets/Settings/Scenes/URP2DSceneTemplate.unity
  artifactKey: Guid(2cda990e2423bbf4892e6590ba056729) Importer(2089858483,192608db42251d675da83286b1cce702)
Start importing Assets/Settings/Scenes/URP2DSceneTemplate.unity using Guid(2cda990e2423bbf4892e6590ba056729) Importer(2089858483,192608db42251d675da83286b1cce702) (ScriptedImporter) -> (artifact id: '94db61600175a9f6c265d56f1f76cd5c') in 0.0125198 seconds
Number of updated asset objects reloaded before import = 0Number of asset objects unloaded after import = 1

========================================================================
Received Import Request.
  Time since last request: 0.000012 seconds.
  path: Assets/Scripts/GameManager.cs
  artifactKey: Guid(50ef7dd182d57184694b0431ce9326b5) Importer(2089858483,192608db42251d675da83286b1cce702)
Start importing Assets/Scripts/GameManager.cs using Guid(50ef7dd182d57184694b0431ce9326b5) Importer(2089858483,192608db42251d675da83286b1cce702) (ScriptedImporter) -> (artifact id: '6856a60c027b6b1b565eff5f82c22a04') in 0.0186018 seconds
Number of updated asset objects reloaded before import = 0Number of asset objects unloaded after import = 0

========================================================================
Received Import Request.
  Time since last request: 0.000015 seconds.
  path: Assets/Settings/Lit2DSceneTemplate.scenetemplate
  artifactKey: Guid(d03ed43fc9d8a4f2e9fa70c1c7916eb9) Importer(2089858483,192608db42251d675da83286b1cce702)
Start importing Assets/Settings/Lit2DSceneTemplate.scenetemplate using Guid(d03ed43fc9d8a4f2e9fa70c1c7916eb9) Importer(2089858483,192608db42251d675da83286b1cce702) (ScriptedImporter) -> (artifact id: 'b083b9ba8c237b7e662a01888f332cc1') in 0.0491876 seconds
Number of updated asset objects reloaded before import = 0Number of asset objects unloaded after import = 3

Editor requested this worker to shutdown with reason: Scaling down because of idle timeout
AssetImportWorker is now disconnected from the server
Process exiting
Exiting without the bug reporter. Application will terminate with return code 0